<?xml version="1.0" encoding="UTF-8"?>
<!-- Generated by org.testng.reporters.JUnitReportReporter -->
<testsuite hostname="DESKTOP-TM48166" failures="0" tests="1" name="Test_Get" time="1.459" errors="0" timestamp="2023-10-05T10:57:08 IST" skipped="0">
  <testcase classname="Test_Get" name="Test_Get" time="1.459"/>
</testsuite> <!-- Test_Get -->
